<?xml version="1.0" encoding="UTF-8"?><testsuite errors="1" failures="1" name="Operaciones en la calculadora del celular" skipped="0" tests="2" time="22.61" timestamp="2021-08-03 03:43:17"><testcase name="Se realiza resta de dos números"><failure type="java.lang.AssertionError"/><system-err>null&#13;
Rappi.stepdefinitions.OperacionSumaStepDefinition.heSeVerificaQueElResultadoEsEl(OperacionSumaStepDefinition.java:31)&#13;
✽.y se verifica que el resultado es el "3"(classpath:features/Restar.feature:4)&#13;
</system-err></testcase><testcase name="Se realiza suma de dos números"><error message="An unknown server-side error occurred while processing the command. Original error: 'GET /element/814a7677-ee42-4a84-8ec6-6f32072dee34/attribute/displayed' cannot be proxied to UiAutomator2 server because the instrumentation process is not running (probably crashed). Check the server log and/or the logcat output for more details&#10;Build info: version: '3.141.59', revision: 'e82be7d358', time: '2018-11-14T08:17:03'&#10;System info: host: 'LAPTOP-7A102QG2', ip: '192.168.18.202', os.name: 'Windows 10', os.arch: 'amd64', os.version: '10.0', java.version: '1.8.0_301'&#10;Driver info: io.appium.java_client.android.AndroidDriver&#10;Capabilities {appActivity: com.android.calculator2.Cal..., appPackage: com.android.calculator2, databaseEnabled: false, desired: {appActivity: com.android.calculator2.Cal..., appPackage: com.android.calculator2, deviceName: Android SDK built for X86_64, platformName: android, udid: emulator-5554}, deviceApiLevel: 28, deviceManufacturer: Google, deviceModel: Android SDK built for x86_64, deviceName: emulator-5554, deviceScreenDensity: 420, deviceScreenSize: 1080x1920, deviceUDID: emulator-5554, javascriptEnabled: true, locationContextEnabled: false, networkConnectionEnabled: true, pixelRatio: 2.625, platform: LINUX, platformName: Android, platformVersion: 9, statBarHeight: 63, takesScreenshot: true, udid: emulator-5554, viewportRect: {height: 1731, left: 0, top: 63, width: 1080}, warnings: {}, webStorageEnabled: false}&#10;Session ID: fc14abfc-636c-4393-91ec-9a72fc5a7c25&#10;Build info: version: '3.141.59', revision: 'e82be7d358', time: '2018-11-14T08:17:03'&#10;System info: host: 'LAPTOP-7A102QG2', ip: '192.168.18.202', os.name: 'Windows 10', os.arch: 'amd64', os.version: '10.0', java.version: '1.8.0_301'&#10;Driver info: driver.version: AndroidDriver" type="org.openqa.selenium.WebDriverException">An unknown server-side error occurred while processing the command. Original error: 'GET /element/814a7677-ee42-4a84-8ec6-6f32072dee34/attribute/displayed' cannot be proxied to UiAutomator2 server because the instrumentation process is not running (probably crashed). Check the server log and/or the logcat output for more details
Build info: version: '3.141.59', revision: 'e82be7d358', time: '2018-11-14T08:17:03'
System info: host: 'LAPTOP-7A102QG2', ip: '192.168.18.202', os.name: 'Windows 10', os.arch: 'amd64', os.version: '10.0', java.version: '1.8.0_301'
Driver info: io.appium.java_client.android.AndroidDriver
Capabilities {appActivity: com.android.calculator2.Cal..., appPackage: com.android.calculator2, databaseEnabled: false, desired: {appActivity: com.android.calculator2.Cal..., appPackage: com.android.calculator2, deviceName: Android SDK built for X86_64, platformName: android, udid: emulator-5554}, deviceApiLevel: 28, deviceManufacturer: Google, deviceModel: Android SDK built for x86_64, deviceName: emulator-5554, deviceScreenDensity: 420, deviceScreenSize: 1080x1920, deviceUDID: emulator-5554, javascriptEnabled: true, locationContextEnabled: false, networkConnectionEnabled: true, pixelRatio: 2.625, platform: LINUX, platformName: Android, platformVersion: 9, statBarHeight: 63, takesScreenshot: true, udid: emulator-5554, viewportRect: {height: 1731, left: 0, top: 63, width: 1080}, warnings: {}, webStorageEnabled: false}
Session ID: fc14abfc-636c-4393-91ec-9a72fc5a7c25
Build info: version: '3.141.59', revision: 'e82be7d358', time: '2018-11-14T08:17:03'
System info: host: 'LAPTOP-7A102QG2', ip: '192.168.18.202', os.name: 'Windows 10', os.arch: 'amd64', os.version: '10.0', java.version: '1.8.0_301'
Driver info: driver.version: AndroidDriver</error><system-err>An unknown server-side error occurred while processing the command. Original error: 'GET /element/814a7677-ee42-4a84-8ec6-6f32072dee34/attribute/displayed' cannot be proxied to UiAutomator2 server because the instrumentation process is not running (probably crashed). Check the server log and/or the logcat output for more details
Build info: version: '3.141.59', revision: 'e82be7d358', time: '2018-11-14T08:17:03'
System info: host: 'LAPTOP-7A102QG2', ip: '192.168.18.202', os.name: 'Windows 10', os.arch: 'amd64', os.version: '10.0', java.version: '1.8.0_301'
Driver info: io.appium.java_client.android.AndroidDriver
Capabilities {appActivity: com.android.calculator2.Cal..., appPackage: com.android.calculator2, databaseEnabled: false, desired: {appActivity: com.android.calculator2.Cal..., appPackage: com.android.calculator2, deviceName: Android SDK built for X86_64, platformName: android, udid: emulator-5554}, deviceApiLevel: 28, deviceManufacturer: Google, deviceModel: Android SDK built for x86_64, deviceName: emulator-5554, deviceScreenDensity: 420, deviceScreenSize: 1080x1920, deviceUDID: emulator-5554, javascriptEnabled: true, locationContextEnabled: false, networkConnectionEnabled: true, pixelRatio: 2.625, platform: LINUX, platformName: Android, platformVersion: 9, statBarHeight: 63, takesScreenshot: true, udid: emulator-5554, viewportRect: {height: 1731, left: 0, top: 63, width: 1080}, warnings: {}, webStorageEnabled: false}
Session ID: fc14abfc-636c-4393-91ec-9a72fc5a7c25
Build info: version: '3.141.59', revision: 'e82be7d358', time: '2018-11-14T08:17:03'
System info: host: 'LAPTOP-7A102QG2', ip: '192.168.18.202', os.name: 'Windows 10', os.arch: 'amd64', os.version: '10.0', java.version: '1.8.0_301'
Driver info: driver.version: AndroidDriver&#13;
io.appium.java_client.remote.AppiumCommandExecutor.execute(AppiumCommandExecutor.java:247)&#13;
io.appium.java_client.DefaultGenericMobileDriver.execute(DefaultGenericMobileDriver.java:41)&#13;
io.appium.java_client.AppiumDriver.execute(AppiumDriver.java:1)&#13;
io.appium.java_client.android.AndroidDriver.execute(AndroidDriver.java:1)&#13;
io.appium.java_client.DefaultGenericMobileElement.execute(DefaultGenericMobileElement.java:45)&#13;
io.appium.java_client.MobileElement.execute(MobileElement.java:1)&#13;
io.appium.java_client.android.AndroidElement.execute(AndroidElement.java:1)&#13;
Rappi.acciones.OperacionSumar.SumarNumeros(OperacionSumar.java:19)&#13;
Rappi.stepdefinitions.OperacionSumaStepDefinition.heSeSumaElConEl(OperacionSumaStepDefinition.java:26)&#13;
✽.Se suma el "1" con el "2"(classpath:features/Sumar.feature:4)&#13;
</system-err></testcase></testsuite>